<?xml version="1.0" encoding="UTF-8"?>
<testng-results ignored="0" total="1" passed="1" failed="0" skipped="0">
  <reporter-output>
    <line>
      <![CDATA[customer module]]>
    </line>
  </reporter-output>
  <suite started-at="2024-01-05T12:41:26 IST" name="Default suite" finished-at="2024-01-05T12:41:26 IST" duration-ms="64">
    <groups>
    </groups>
    <test started-at="2024-01-05T12:41:26 IST" name="Default test" finished-at="2024-01-05T12:41:26 IST" duration-ms="64">
      <class name="com.actiTime.TestScript.CustomerModule">
        <test-method signature="CreateCustomer()[pri:0, instance:com.actiTime.TestScript.CustomerModule@27f981c6]" started-at="2024-01-05T12:41:26 IST" name="CreateCustomer" finished-at="2024-01-05T12:41:26 IST" duration-ms="15" status="PASS">
          <reporter-output>
            <line>
              <![CDATA[customer module]]>
            </line>
          </reporter-output>
        </test-method> <!-- CreateCustomer -->
      </class> <!-- com.actiTime.TestScript.CustomerModule -->
    </test> <!-- Default test -->
  </suite> <!-- Default suite -->
</testng-results>
